send:
{
	"MessageId" : 101,
	"attack" : 347.0,
	"blood" : 1130.0,
	"curmap" : 3,
	"defense" : 195.0,
	"fd" : -1,
	"grade" : 12.0,
	"mana" : 1230.0,
	"playername" : "aaa",
	"playertype" : "Player2",
	"rolename" : "sss"
}
send:
{
	"MessageId" : 103,
	"curmap" : 3,
	"fd" : -1,
	"x" : 704.56201171875,
	"y" : 656.01800537109375
}
send:
{
	"MessageId" : 105,
	"fd" : -1,
	"less" : 0,
	"x" : 279.261474609375,
	"y" : 392.45046997070313
}
send:
{
	"MessageId" : 105,
	"fd" : -1,
	"less" : 0,
	"x" : 251.366943359375,
	"y" : 363.78378295898438
}
